https://docs.microsoft.com/en-us/sql/linux/quickstart-install-connect-ubuntu?view=sql-server-2017

https://computingforgeeks.com/how-to-install-ms-sql-on-ubuntu-18-04-lts/


how to connect ms sql server remotely from ubuntu system----
https://stackoverflow.com/questions/149395/what-are-some-ways-of-accessing-microsoft-sql-server-from-linux
https://www.build-business-websites.co.uk/mssql-configure-sql-server-for-remote-tcpip-connections/

python and MS SQL server-
https://docs.microsoft.com/en-us/sql/connect/python/python-driver-for-sql-server?view=sql-server-2017
https://www.microsoft.com/en-us/sql-server/developer-get-started/python/ubuntu/step/2.html


sqlcmd -S localhost -U sa -P 'neosoft@123' -Q "CREATE DATABASE SampleDB;"

(venv) webwerks@webwerks-G41MT-ES2L ~/firoj $python3
Python 3.6.5 (default, Apr  1 2018, 05:46:30) 
[GCC 7.3.0] on linux
Type "help", "copyright", "credits" or "license" for more information.
>>> import pymssql
>>> conn = pymssql.connect(server='localhost', user='SA', password='neosoft@123', database='SampleDB')
>>> cursor = conn.cursor() 
>>> conn1 = pymssql.connect(server='166.62.119.178', user='firoj', password='#December#?2018', database='SampleDB')
Traceback (most recent call last):
  File "src/pymssql.pyx", line 636, in pymssql.connect
  File "src/_mssql.pyx", line 1957, in _mssql.connect
  File "src/_mssql.pyx", line 676, in _mssql.MSSQLConnection.__init__
  File "src/_mssql.pyx", line 1683, in _mssql.maybe_raise_MSSQLDatabaseException
_mssql.MSSQLDatabaseException: (20009, b'DB-Lib error message 20009, severity 9:\nUnable to connect: Adaptive Server is unavailable or does not exist (166.62.119.178:1433)\nNet-Lib error during Connection refused (111)\n')

During handling of the above exception, another exception occurred:

Traceback (most recent call last):
  File "<stdin>", line 1, in <module>
  File "src/pymssql.pyx", line 642, in pymssql.connect
pymssql.OperationalError: (20009, b'DB-Lib error message 20009, severity 9:\nUnable to connect: Adaptive Server is unavailable or does not exist (166.62.119.178:1433)\nNet-Lib error during Connection refused (111)\n')
>>> 


https://social.msdn.microsoft.com/Forums/sqlserver/en-US/b43775b9-cd96-4f14-bd1e-b40172c5fc83/a-networkrelated-or-instancespecific-error-occurred-while-establishing-a-connection-to-sql-server?forum=sqlsecurity

http://support.sysonline.com/support/solutions/articles/4000016491-errmsg-a-network-related-or-instance-specific-error-occurred-while-establishing-a-connection-to-sql

https://blog.sqlauthority.com/2009/05/21/sql-server-fix-error-provider-named-pipes-provider-error-40-could-not-open-a-connection-to-sql-server-microsoft-sql-server-error/
___________________________________________________________________________________________________________________________
https://docs.microsoft.com/en-us/sql/linux/quickstart-install-connect-ubuntu?view=sql-server-2017
https://www.sqlshack.com/working-sql-server-command-line-sqlcmd/

$sqlcmd -S 132.148.132.59 -U firoj -P 'November@2018'
1> USE PalletOMS_Test
2> GO
Changed database context to 'PalletOMS_Test'.
1> SELECT * FROM TBLDLINEITEMDETAILS
2> GO
1> sp_tables
2> go
--------------------------------------------------------------------


SELECT TBLMITEMCATEGORY.CATEGORYNAME, SUM(TBLTSALESINVOICEDETAIL.CALCULATEDAMOUNT) FROM (((TBLMITEMCATEGORY INNER JOIN TBLTITEM ON TBLMITEMCATEGORY.ITEMCATEGORYID = TBLTITEM.ITEMCATEGORYID)
INNER JOIN TBLTSALESINVOICEDETAIL ON TBLTITEM.ITEMID = TBLTSALESINVOICEDETAIL.ITEMID)
INNER JOIN TBLTSALESINVOICE ON TBLTSALESINVOICEDETAIL.INVOICEID = TBLTSALESINVOICE.INVOICEID) WHERE TBLMITEMCATEGORY.COMPANYID=1 AND YEAR(TBLTSALESINVOICE.INVOICEDATE) = YEAR(GetDate())-1 GROUP BY TBLMITEMCATEGORY.CATEGORYNAME

